#
# There is insufficient memory for the Java Runtime Environment to continue.
# Native memory allocation (mmap) failed to map 9437184 bytes for G1 virtual space
# Possible reasons:
#   The system is out of physical RAM or swap space
#   The process is running with CompressedOops enabled, and the Java Heap may be blocking the growth of the native heap
# Possible solutions:
#   Reduce memory load on the system
#   Increase physical memory or swap space
#   Check if swap backing store is full
#   Decrease Java heap size (-Xmx/-Xms)
#   Decrease number of Java threads
#   Decrease Java thread stack sizes (-Xss)
#   Set larger code cache with -XX:ReservedCodeCacheSize=
#   JVM is running with Unscaled Compressed Oops mode in which the Java heap is
#     placed in the first 4GB address space. The Java Heap base address is the
#     maximum limit for the native heap growth. Please use -XX:HeapBaseMinAddress
#     to set the Java Heap base and to place the Java Heap above 4GB virtual address.
# This output file may be truncated or incomplete.
#
#  Out of Memory Error (os_windows.cpp:3557), pid=17572, tid=25392
#
# JRE version: OpenJDK Runtime Environment Temurin-17.0.6+10 (17.0.6+10) (build 17.0.6+10)
# Java VM: OpenJDK 64-Bit Server VM Temurin-17.0.6+10 (17.0.6+10, mixed mode, emulated-client, sharing, tiered, compressed oops, compressed class ptrs, g1 gc, windows-amd64)
# No core dump will be written. Minidumps are not enabled by default on client versions of Windows
#

---------------  S U M M A R Y ------------

Command Line: -XX:TieredStopAtLevel=1 -Dspring.output.ansi.enabled=always -Dcom.sun.management.jmxremote -Dspring.jmx.enabled=true -Dspring.liveBeansView.mbeanDomain -Dspring.application.admin.enabled=true -Dmanagement.endpoints.jmx.exposure.include=* -javaagent:C:\Program Files\JetBrains\IntelliJ IDEA 2022.3.3\lib\idea_rt.jar=50942:C:\Program Files\JetBrains\IntelliJ IDEA 2022.3.3\bin -Dfile.encoding=UTF-8 dev.dilandds.movies.MoviesApplication

Host: Intel(R) Core(TM) i3-7100U CPU @ 2.40GHz, 4 cores, 3G,  Windows 10 , 64 bit Build 19041 (10.0.19041.3155)
Time: Thu Aug 24 14:52:11 2023 Central Asia Standard Time elapsed time: 11.539797 seconds (0d 0h 0m 11s)

---------------  T H R E A D  ---------------

Current thread (0x00000246435ba770):  VMThread "VM Thread" [stack: 0x00000069b6a00000,0x00000069b6b00000] [id=25392]

Stack: [0x00000069b6a00000,0x00000069b6b00000]
Native frames: (J=compiled Java code, j=interpreted, Vv=VM code, C=native code)
V  [jvm.dll+0x67741a]
V  [jvm.dll+0x834434]
V  [jvm.dll+0x835bde]
V  [jvm.dll+0x836243]
V  [jvm.dll+0x2457b5]
V  [jvm.dll+0x674329]
V  [jvm.dll+0x6689da]
V  [jvm.dll+0x30489b]
V  [jvm.dll+0x30bd96]
V  [jvm.dll+0x35b57e]
V  [jvm.dll+0x35b7af]
V  [jvm.dll+0x2db778]
V  [jvm.dll+0x2d9a2c]
V  [jvm.dll+0x2d8ffc]
V  [jvm.dll+0x32c61c]
V  [jvm.dll+0x83a6eb]
V  [jvm.dll+0x83b424]
V  [jvm.dll+0x83b93c]
V  [jvm.dll+0x83bd14]
V  [jvm.dll+0x83bde0]
V  [jvm.dll+0x7e483a]
V  [jvm.dll+0x6762c5]
C  [ucrtbase.dll+0x21bb2]
C  [KERNEL32.DLL+0x17614]
C  [ntdll.dll+0x526b1]

VM_Operation (0x00000069b87fe510): CollectForMetadataAllocation, mode: safepoint, requested by thread 0x0000024655054b70


---------------  P R O C E S S  ---------------

Threads class SMR info:
_java_thread_list=0x0000024655506b30, length=26, elements={
0x0000024643503a80, 0x00000246435be2d0, 0x00000246435bf050, 0x0000024652680080,
0x00000246435cdea0, 0x00000246435ce760, 0x0000024652683f50, 0x0000024652684810,
0x00000246526878d0, 0x000002465267c770, 0x000002465317c300, 0x00000246533a7ce0,
0x00000246533b3b70, 0x0000024653877a80, 0x00000246538ecbd0, 0x000002465393f740,
0x0000024653b572d0, 0x0000024653be32e0, 0x00000246550559e0, 0x00000246550576c0,
0x0000024655054b70, 0x0000024655055eb0, 0x0000024655058060, 0x0000024655055040,
0x0000024655056380, 0x00000246553d7d10
}

Java Threads: ( => current thread )
  0x0000024643503a80 JavaThread "main" [_thread_blocked, id=22400, stack(0x00000069b6400000,0x00000069b6500000)]
  0x00000246435be2d0 JavaThread "Reference Handler" daemon [_thread_blocked, id=21132, stack(0x00000069b6b00000,0x00000069b6c00000)]
  0x00000246435bf050 JavaThread "Finalizer" daemon [_thread_blocked, id=11132, stack(0x00000069b6c00000,0x00000069b6d00000)]
  0x0000024652680080 JavaThread "Signal Dispatcher" daemon [_thread_blocked, id=21376, stack(0x00000069b6d00000,0x00000069b6e00000)]
  0x00000246435cdea0 JavaThread "Attach Listener" daemon [_thread_blocked, id=21528, stack(0x00000069b6e00000,0x00000069b6f00000)]
  0x00000246435ce760 JavaThread "Service Thread" daemon [_thread_blocked, id=9156, stack(0x00000069b6f00000,0x00000069b7000000)]
  0x0000024652683f50 JavaThread "Monitor Deflation Thread" daemon [_thread_blocked, id=24008, stack(0x00000069b7000000,0x00000069b7100000)]
  0x0000024652684810 JavaThread "C1 CompilerThread0" daemon [_thread_blocked, id=25168, stack(0x00000069b7100000,0x00000069b7200000)]
  0x00000246526878d0 JavaThread "Sweeper thread" daemon [_thread_blocked, id=4168, stack(0x00000069b7200000,0x00000069b7300000)]
  0x000002465267c770 JavaThread "Common-Cleaner" daemon [_thread_blocked, id=5928, stack(0x00000069b7300000,0x00000069b7400000)]
  0x000002465317c300 JavaThread "C1 CompilerThread1" daemon [_thread_blocked, id=5720, stack(0x00000069b7400000,0x00000069b7500000)]
  0x00000246533a7ce0 JavaThread "Monitor Ctrl-Break" daemon [_thread_in_native, id=8668, stack(0x00000069b7500000,0x00000069b7600000)]
  0x00000246533b3b70 JavaThread "Notification Thread" daemon [_thread_blocked, id=19656, stack(0x00000069b7600000,0x00000069b7700000)]
  0x0000024653877a80 JavaThread "RMI TCP Accept-0" daemon [_thread_in_native, id=6152, stack(0x00000069b7700000,0x00000069b7800000)]
  0x00000246538ecbd0 JavaThread "RMI TCP Connection(1)-192.168.1.3" daemon [_thread_in_native, id=22696, stack(0x00000069b7d00000,0x00000069b7e00000)]
  0x000002465393f740 JavaThread "RMI Scheduler(0)" daemon [_thread_blocked, id=17060, stack(0x00000069b7e00000,0x00000069b7f00000)]
  0x0000024653b572d0 JavaThread "Thread-0" [_thread_blocked, id=16820, stack(0x00000069b7f00000,0x00000069b8000000)]
  0x0000024653be32e0 JavaThread "restartedMain" [_thread_blocked, id=22896, stack(0x00000069b8000000,0x00000069b8100000)]
  0x00000246550559e0 JavaThread "Thread-4" daemon [_thread_in_native, id=8848, stack(0x00000069b8400000,0x00000069b8500000)]
  0x00000246550576c0 JavaThread "BufferPoolPruner-1-thread-1" daemon [_thread_blocked, id=25008, stack(0x00000069b8500000,0x00000069b8600000)]
  0x0000024655054b70 JavaThread "cluster-ClusterId{value='64e71a3ac70cf913dd9ecc03', description='null'}-ac-os54mto-shard-00-00.vqoed0x.mongodb.net:27017" daemon [_thread_blocked, id=2668, stack(0x00000069b8700000,0x00000069b8800000)]
  0x0000024655055eb0 JavaThread "cluster-ClusterId{value='64e71a3ac70cf913dd9ecc03', description='null'}-ac-os54mto-shard-00-02.vqoed0x.mongodb.net:27017" daemon [_thread_blocked, id=22340, stack(0x00000069b8900000,0x00000069b8a00000)]
  0x0000024655058060 JavaThread "cluster-rtt-ClusterId{value='64e71a3ac70cf913dd9ecc03', description='null'}-ac-os54mto-shard-00-02.vqoed0x.mongodb.net:27017" daemon [_thread_blocked, id=15564, stack(0x00000069b8a00000,0x00000069b8b00000)]
  0x0000024655055040 JavaThread "cluster-ClusterId{value='64e71a3ac70cf913dd9ecc03', description='null'}-ac-os54mto-shard-00-01.vqoed0x.mongodb.net:27017" daemon [_thread_blocked, id=19596, stack(0x00000069b8b00000,0x00000069b8c00000)]
  0x0000024655056380 JavaThread "cluster-rtt-ClusterId{value='64e71a3ac70cf913dd9ecc03', description='null'}-ac-os54mto-shard-00-01.vqoed0x.mongodb.net:27017" daemon [_thread_blocked, id=20436, stack(0x00000069b8c00000,0x00000069b8d00000)]
  0x00000246553d7d10 JavaThread "Live Reload Server" daemon [_thread_in_native, id=1832, stack(0x00000069b8e00000,0x00000069b8f00000)]

Other Threads:
=>0x00000246435ba770 VMThread "VM Thread" [stack: 0x00000069b6a00000,0x00000069b6b00000] [id=25392]
  0x0000024643504a30 WatcherThread [stack: 0x00000069b7800000,0x00000069b7900000] [id=4244]
  0x000002464353cdc0 GCTaskThread "GC Thread#0" [stack: 0x00000069b6500000,0x00000069b6600000] [id=15248]
  0x00000246538df260 GCTaskThread "GC Thread#1" [stack: 0x00000069b7900000,0x00000069b7a00000] [id=8876]
  0x0000024653b5e9a0 GCTaskThread "GC Thread#2" [stack: 0x00000069b7a00000,0x00000069b7b00000] [id=10260]
  0x0000024653b5ec50 GCTaskThread "GC Thread#3" [stack: 0x00000069b7b00000,0x00000069b7c00000] [id=18476]
  0x0000024643546560 ConcurrentGCThread "G1 Main Marker" [stack: 0x00000069b6600000,0x00000069b6700000] [id=14072]
  0x0000024643546e80 ConcurrentGCThread "G1 Conc#0" [stack: 0x00000069b6700000,0x00000069b6800000] [id=9436]
  0x00000246435860d0 ConcurrentGCThread "G1 Refine#0" [stack: 0x00000069b6800000,0x00000069b6900000] [id=16636]
  0x000002465323a0e0 ConcurrentGCThread "G1 Refine#1" [stack: 0x00000069b7c00000,0x00000069b7d00000] [id=9568]
  0x0000024643586a00 ConcurrentGCThread "G1 Service" [stack: 0x00000069b6900000,0x00000069b6a00000] [id=8100]

Threads with active compile tasks:
C1 CompilerThread1    11616 4152       1       java.util.regex.Pattern::split (288 bytes)

VM state: at safepoint (normal execution)

VM Mutex/Monitor currently owned by a thread:  ([mutex/lock_event])
[0x00000246434fdb80] Threads_lock - owner thread: 0x00000246435ba770
[0x00000246434ff170] Heap_lock - owner thread: 0x0000024655054b70

Heap address: 0x00000000c3600000, size: 970 MB, Compressed Oops mode: 32-bit

CDS archive(s) mapped at: [0x0000000800000000-0x0000000800bc0000-0x0000000800bc0000), size 12320768, SharedBaseAddress: 0x0000000800000000, ArchiveRelocationMode: 0.
Compressed class space mapped at: 0x0000000800c00000-0x0000000840c00000, reserved size: 1073741824
Narrow klass base: 0x0000000800000000, Narrow klass shift: 0, Narrow klass range: 0x100000000

GC Precious Log:
 CPUs: 4 total, 4 available
 Memory: 3879M
 Large Page Support: Disabled
 NUMA Support: Disabled
 Compressed Oops: Enabled (32-bit)
 Heap Region Size: 1M
 Heap Min Capacity: 8M
 Heap Initial Capacity: 62M
 Heap Max Capacity: 970M
 Pre-touch: Disabled
 Parallel Workers: 4
 Concurrent Workers: 1
 Concurrent Refinement Workers: 4
 Periodic GC: Disabled

Heap:
 garbage-first heap   total 45056K, used 19067K [0x00000000c3600000, 0x0000000100000000)
  region size 1024K, 1 young (1024K), 1 survivors (1024K)
 Metaspace       used 35692K, committed 36160K, reserved 1081344K
  class space    used 4978K, committed 5184K, reserved 1048576K

Heap Regions: E=young(eden), S=young(survivor), O=old, HS=humongous(starts), HC=humongous(continues), CS=collection set, F=free, OA=open archive, CA=closed archive, TAMS=top-at-mark-start (previous, next)
|   0|0x00000000c3600000, 0x00000000c3700000, 0x00000000c3700000|100%| O|  |TAMS 0x00000000c3700000, 0x00000000c3700000| Untracked 
|   1|0x00000000c3700000, 0x00000000c3800000, 0x00000000c3800000|100%| O|  |TAMS 0x00000000c3800000, 0x00000000c3800000| Untracked 
|   2|0x00000000c3800000, 0x00000000c3900000, 0x00000000c3900000|100%| O|  |TAMS 0x00000000c3900000, 0x00000000c3900000| Untracked 
|   3|0x00000000c3900000, 0x00000000c3a00000, 0x00000000c3a00000|100%| O|  |TAMS 0x00000000c3a00000, 0x00000000c3a00000| Untracked 
|   4|0x00000000c3a00000, 0x00000000c3b00000, 0x00000000c3b00000|100%| O|  |TAMS 0x00000000c3b00000, 0x00000000c3b00000| Untracked 
|   5|0x00000000c3b00000, 0x00000000c3c00000, 0x00000000c3c00000|100%| O|  |TAMS 0x00000000c3b00000, 0x00000000c3c00000| Untracked 
|   6|0x00000000c3c00000, 0x00000000c3d00000, 0x00000000c3d00000|100%| O|  |TAMS 0x00000000c3c00000, 0x00000000c3d00000| Untracked 
|   7|0x00000000c3d00000, 0x00000000c3d1cc00, 0x00000000c3e00000| 11%| O|  |TAMS 0x00000000c3d00000, 0x00000000c3d1cc00| Untracked 
|   8|0x00000000c3e00000, 0x00000000c3f00000, 0x00000000c3f00000|100%| O|  |TAMS 0x00000000c3e00000, 0x00000000c3f00000| Untracked 
|   9|0x00000000c3f00000, 0x00000000c4000000, 0x00000000c4000000|100%| O|  |TAMS 0x00000000c3f00000, 0x00000000c4000000| Untracked 
|  10|0x00000000c4000000, 0x00000000c4100000, 0x00000000c4100000|100%| O|  |TAMS 0x00000000c4000000, 0x00000000c4100000| Untracked 
|  11|0x00000000c4100000, 0x00000000c4200000, 0x00000000c4200000|100%| O|  |TAMS 0x00000000c4100000, 0x00000000c4200000| Untracked 
|  12|0x00000000c4200000, 0x00000000c4300000, 0x00000000c4300000|100%| O|  |TAMS 0x00000000c4200000, 0x00000000c4300000| Untracked 
|  13|0x00000000c4300000, 0x00000000c4400000, 0x00000000c4400000|100%| O|  |TAMS 0x00000000c4300000, 0x00000000c4400000| Untracked 
|  14|0x00000000c4400000, 0x00000000c4500000, 0x00000000c4500000|100%| O|  |TAMS 0x00000000c4400000, 0x00000000c4500000| Untracked 
|  15|0x00000000c4500000, 0x00000000c4600000, 0x00000000c4600000|100%| O|  |TAMS 0x00000000c4500000, 0x00000000c4600000| Untracked 
|  16|0x00000000c4600000, 0x00000000c4700000, 0x00000000c4700000|100%| O|  |TAMS 0x00000000c4600000, 0x00000000c46b2000| Untracked 
|  17|0x00000000c4700000, 0x00000000c4800000, 0x00000000c4800000|100%| O|  |TAMS 0x00000000c4700000, 0x00000000c4700000| Untracked 
|  18|0x00000000c4800000, 0x00000000c4900000, 0x00000000c4900000|100%| O|  |TAMS 0x00000000c4800000, 0x00000000c4800000| Untracked 
|  19|0x00000000c4900000, 0x00000000c4900000, 0x00000000c4a00000|  0%| F|  |TAMS 0x00000000c4900000, 0x00000000c4900000| Untracked 
|  20|0x00000000c4a00000, 0x00000000c4a00000, 0x00000000c4b00000|  0%| F|  |TAMS 0x00000000c4a00000, 0x00000000c4a00000| Untracked 
|  21|0x00000000c4b00000, 0x00000000c4b00000, 0x00000000c4c00000|  0%| F|  |TAMS 0x00000000c4b00000, 0x00000000c4b00000| Untracked 
|  22|0x00000000c4c00000, 0x00000000c4c00000, 0x00000000c4d00000|  0%| F|  |TAMS 0x00000000c4c00000, 0x00000000c4c00000| Untracked 
|  23|0x00000000c4d00000, 0x00000000c4d00000, 0x00000000c4e00000|  0%| F|  |TAMS 0x00000000c4d00000, 0x00000000c4d00000| Untracked 
|  24|0x00000000c4e00000, 0x00000000c4e00000, 0x00000000c4f00000|  0%| F|  |TAMS 0x00000000c4e00000, 0x00000000c4e00000| Untracked 
|  25|0x00000000c4f00000, 0x00000000c4f00000, 0x00000000c5000000|  0%| F|  |TAMS 0x00000000c4f00000, 0x00000000c4f00000| Untracked 
|  26|0x00000000c5000000, 0x00000000c5000000, 0x00000000c5100000|  0%| F|  |TAMS 0x00000000c5000000, 0x00000000c5000000| Untracked 
|  27|0x00000000c5100000, 0x00000000c5100000, 0x00000000c5200000|  0%| F|  |TAMS 0x00000000c5100000, 0x00000000c5100000| Untracked 
|  28|0x00000000c5200000, 0x00000000c5200000, 0x00000000c5300000|  0%| F|  |TAMS 0x00000000c5200000, 0x00000000c5200000| Untracked 
|  29|0x00000000c5300000, 0x00000000c5300000, 0x00000000c5400000|  0%| F|  |TAMS 0x00000000c5300000, 0x00000000c5300000| Untracked 
|  30|0x00000000c5400000, 0x00000000c5400000, 0x00000000c5500000|  0%| F|  |TAMS 0x00000000c5400000, 0x00000000c5400000| Untracked 
|  31|0x00000000c5500000, 0x00000000c5500000, 0x00000000c5600000|  0%| F|  |TAMS 0x00000000c5500000, 0x00000000c5500000| Untracked 
|  32|0x00000000c5600000, 0x00000000c5600000, 0x00000000c5700000|  0%| F|  |TAMS 0x00000000c5600000, 0x00000000c5600000| Untracked 
|  33|0x00000000c5700000, 0x00000000c5700000, 0x00000000c5800000|  0%| F|  |TAMS 0x00000000c5700000, 0x00000000c5700000| Untracked 
|  34|0x00000000c5800000, 0x00000000c5800000, 0x00000000c5900000|  0%| F|  |TAMS 0x00000000c5800000, 0x00000000c5800000| Untracked 
|  35|0x00000000c5900000, 0x00000000c5900000, 0x00000000c5a00000|  0%| F|  |TAMS 0x00000000c5900000, 0x00000000c5900000| Untracked 
|  36|0x00000000c5a00000, 0x00000000c5a00000, 0x00000000c5b00000|  0%| F|  |TAMS 0x00000000c5a00000, 0x00000000c5a00000| Untracked 
|  37|0x00000000c5b00000, 0x00000000c5b00000, 0x00000000c5c00000|  0%| F|  |TAMS 0x00000000c5b00000, 0x00000000c5b00000| Untracked 
|  38|0x00000000c5c00000, 0x00000000c5c00000, 0x00000000c5d00000|  0%| F|  |TAMS 0x00000000c5c00000, 0x00000000c5c00000| Untracked 
|  39|0x00000000c5d00000, 0x00000000c5d823e8, 0x00000000c5e00000| 50%| S|CS|TAMS 0x00000000c5d00000, 0x00000000c5d00000| Complete 
|  40|0x00000000c5e00000, 0x00000000c5e00000, 0x00000000c5f00000|  0%| F|  |TAMS 0x00000000c5e00000, 0x00000000c5e00000| Untracked 
|  41|0x00000000c5f00000, 0x00000000c5f00000, 0x00000000c6000000|  0%| F|  |TAMS 0x00000000c5f00000, 0x00000000c5f00000| Untracked 
|  42|0x00000000c6000000, 0x00000000c6000000, 0x00000000c6100000|  0%| F|  |TAMS 0x00000000c6000000, 0x00000000c6000000| Untracked 
|  61|0x00000000c7300000, 0x00000000c7300000, 0x00000000c7400000|  0%| F|  |TAMS 0x00000000c7300000, 0x00000000c7300000| Untracked 

Card table byte_map: [0x000002464dff0000,0x000002464e1e0000] _byte_map_base: 0x000002464d9d5000

Marking Bits (Prev, Next): (CMBitMap*) 0x000002464353e330, (CMBitMap*) 0x000002464353e2f0
 Prev Bits: [0x000002464f300000, 0x0000024650228000)
 Next Bits: [0x000002464e3d0000, 0x000002464f2f8000)

Polling page: 0x0000024641430000

Metaspace:

Usage:
  Non-class:     29.99 MB used.
      Class:      4.86 MB used.
       Both:     34.86 MB used.

Virtual space:
  Non-class space:       32.00 MB reserved,      30.25 MB ( 95%) committed,  4 nodes.
      Class space:        1.00 GB reserved,       5.06 MB ( <1%) committed,  1 nodes.
             Both:        1.03 GB reserved,      35.31 MB (  3%) committed. 

Chunk freelists:
   Non-Class:  1.42 MB
       Class:  2.77 MB
        Both:  4.19 MB

MaxMetaspaceSize: unlimited
CompressedClassSpaceSize: 1.00 GB
Initial GC threshold: 21.00 MB
Current GC threshold: 35.31 MB
CDS: on
MetaspaceReclaimPolicy: balanced
 - commit_granule_bytes: 65536.
 - commit_granule_words: 8192.
 - virtual_space_node_default_size: 1048576.
 - enlarge_chunks_in_place: 1.
 - new_chunks_are_fully_committed: 0.
 - uncommit_free_chunks: 1.
 - use_allocation_guard: 0.
 - handle_deallocations: 1.


Internal statistics:

num_allocs_failed_limit: 6.
num_arena_births: 680.
num_arena_deaths: 0.
num_vsnodes_births: 5.
num_vsnodes_deaths: 0.
num_space_committed: 565.
num_space_uncommitted: 0.
num_chunks_returned_to_freelist: 6.
num_chunks_taken_from_freelist: 1919.
num_chunk_merges: 3.
num_chunk_splits: 1273.
num_chunks_enlarged: 893.
num_purges: 0.
num_inconsistent_stats: 0.

CodeCache: size=49152Kb used=8149Kb max_used=8149Kb free=41002Kb
 bounds [0x000002464aff0000, 0x000002464b7f0000, 0x000002464dff0000]
 total_blobs=4713 nmethods=4152 adapters=486
 compilation: enabled
              stopped_count=0, restarted_count=0
 full_count=0

Compilation events (20 events):
Event: 11.408 Thread 0x000002465317c300 4143       1       org.bson.assertions.Assertions::notNull (33 bytes)
Event: 11.408 Thread 0x0000024652684810 nmethod 4142 0x000002464b7e2b90 code [0x000002464b7e2d40, 0x000002464b7e2f48]
Event: 11.408 Thread 0x0000024652684810 4138       1       org.bson.AbstractBsonWriter$Context::access$000 (5 bytes)
Event: 11.408 Thread 0x0000024652684810 nmethod 4138 0x000002464b7e3090 code [0x000002464b7e3220, 0x000002464b7e32d8]
Event: 11.408 Thread 0x0000024652684810 4146       1       org.bson.AbstractBsonWriter::isClosed (5 bytes)
Event: 11.408 Thread 0x0000024652684810 nmethod 4146 0x000002464b7e3390 code [0x000002464b7e3520, 0x000002464b7e35f8]
Event: 11.408 Thread 0x0000024652684810 4147       1       org.bson.AbstractBsonWriter::setState (6 bytes)
Event: 11.408 Thread 0x0000024652684810 nmethod 4147 0x000002464b7e3690 code [0x000002464b7e3820, 0x000002464b7e3938]
Event: 11.408 Thread 0x000002465317c300 nmethod 4143 0x000002464b7e3990 code [0x000002464b7e3b80, 0x000002464b7e3f18]
Event: 11.408 Thread 0x0000024652684810 4148       1       org.bson.codecs.EncoderContext::isEncodingCollectibleDocument (5 bytes)
Event: 11.408 Thread 0x0000024652684810 nmethod 4148 0x000002464b7e4110 code [0x000002464b7e42a0, 0x000002464b7e4378]
Event: 11.408 Thread 0x0000024652684810 4149       1       sun.nio.ch.Util$BufferCache::next (8 bytes)
Event: 11.409 Thread 0x000002465317c300 4150       1       ch.qos.logback.classic.spi.StackTraceElementProxy::<init> (24 bytes)
Event: 11.409 Thread 0x0000024652684810 nmethod 4149 0x000002464b7e4410 code [0x000002464b7e45a0, 0x000002464b7e4698]
Event: 11.409 Thread 0x000002465317c300 nmethod 4150 0x000002464b7e4710 code [0x000002464b7e48c0, 0x000002464b7e4a88]
Event: 11.411 Thread 0x0000024652684810 4151       1       sun.security.ssl.CipherSuite$KeyExchange::isAvailable (46 bytes)
Event: 11.411 Thread 0x000002465317c300 4152       1       java.util.regex.Pattern::split (288 bytes)
Event: 11.411 Thread 0x0000024652684810 nmethod 4151 0x000002464b7e4e10 code [0x000002464b7e4fc0, 0x000002464b7e5148]
Event: 11.411 Thread 0x0000024652684810 4153       1       java.util.regex.Pattern::split (7 bytes)
Event: 11.411 Thread 0x0000024652684810 nmethod 4153 0x000002464b7e5210 code [0x000002464b7e53a0, 0x000002464b7e5488]

GC Heap History (19 events):
Event: 3.185 GC heap before
{Heap before GC invocations=0 (full 0):
 garbage-first heap   total 63488K, used 13312K [0x00000000c3600000, 0x0000000100000000)
  region size 1024K, 13 young (13312K), 0 survivors (0K)
 Metaspace       used 5761K, committed 5888K, reserved 1056768K
  class space    used 692K, committed 768K, reserved 1048576K
}
Event: 3.201 GC heap after
{Heap after GC invocations=1 (full 0):
 garbage-first heap   total 63488K, used 5030K [0x00000000c3600000, 0x0000000100000000)
  region size 1024K, 2 young (2048K), 2 survivors (2048K)
 Metaspace       used 5761K, committed 5888K, reserved 1056768K
  class space    used 692K, committed 768K, reserved 1048576K
}
Event: 3.799 GC heap before
{Heap before GC invocations=1 (full 0):
 garbage-first heap   total 63488K, used 13222K [0x00000000c3600000, 0x0000000100000000)
  region size 1024K, 10 young (10240K), 2 survivors (2048K)
 Metaspace       used 7777K, committed 7936K, reserved 1056768K
  class space    used 992K, committed 1088K, reserved 1048576K
}
Event: 3.806 GC heap after
{Heap after GC invocations=2 (full 0):
 garbage-first heap   total 63488K, used 5829K [0x00000000c3600000, 0x0000000100000000)
  region size 1024K, 1 young (1024K), 1 survivors (1024K)
 Metaspace       used 7777K, committed 7936K, reserved 1056768K
  class space    used 992K, committed 1088K, reserved 1048576K
}
Event: 5.550 GC heap before
{Heap before GC invocations=2 (full 0):
 garbage-first heap   total 63488K, used 27333K [0x00000000c3600000, 0x0000000100000000)
  region size 1024K, 23 young (23552K), 1 survivors (1024K)
 Metaspace       used 12221K, committed 12480K, reserved 1064960K
  class space    used 1657K, committed 1792K, reserved 1048576K
}
Event: 5.556 GC heap after
{Heap after GC invocations=3 (full 0):
 garbage-first heap   total 63488K, used 7414K [0x00000000c3600000, 0x0000000100000000)
  region size 1024K, 3 young (3072K), 3 survivors (3072K)
 Metaspace       used 12221K, committed 12480K, reserved 1064960K
  class space    used 1657K, committed 1792K, reserved 1048576K
}
Event: 7.256 GC heap before
{Heap before GC invocations=3 (full 0):
 garbage-first heap   total 63488K, used 40182K [0x00000000c3600000, 0x0000000100000000)
  region size 1024K, 36 young (36864K), 3 survivors (3072K)
 Metaspace       used 18411K, committed 18752K, reserved 1064960K
  class space    used 2472K, committed 2624K, reserved 1048576K
}
Event: 7.267 GC heap after
{Heap after GC invocations=4 (full 0):
 garbage-first heap   total 63488K, used 9852K [0x00000000c3600000, 0x0000000100000000)
  region size 1024K, 5 young (5120K), 5 survivors (5120K)
 Metaspace       used 18411K, committed 18752K, reserved 1064960K
  class space    used 2472K, committed 2624K, reserved 1048576K
}
Event: 8.329 GC heap before
{Heap before GC invocations=4 (full 0):
 garbage-first heap   total 63488K, used 34428K [0x00000000c3600000, 0x0000000100000000)
  region size 1024K, 30 young (30720K), 5 survivors (5120K)
 Metaspace       used 21208K, committed 21504K, reserved 1073152K
  class space    used 2892K, committed 3072K, reserved 1048576K
}
Event: 8.342 GC heap after
{Heap after GC invocations=5 (full 0):
 garbage-first heap   total 63488K, used 11320K [0x00000000c3600000, 0x0000000100000000)
  region size 1024K, 4 young (4096K), 4 survivors (4096K)
 Metaspace       used 21208K, committed 21504K, reserved 1073152K
  class space    used 2892K, committed 3072K, reserved 1048576K
}
Event: 9.047 GC heap before
{Heap before GC invocations=6 (full 0):
 garbage-first heap   total 45056K, used 33848K [0x00000000c3600000, 0x0000000100000000)
  region size 1024K, 26 young (26624K), 4 survivors (4096K)
 Metaspace       used 23617K, committed 24000K, reserved 1073152K
  class space    used 3303K, committed 3456K, reserved 1048576K
}
Event: 9.057 GC heap after
{Heap after GC invocations=7 (full 0):
 garbage-first heap   total 45056K, used 12848K [0x00000000c3600000, 0x0000000100000000)
  region size 1024K, 4 young (4096K), 4 survivors (4096K)
 Metaspace       used 23617K, committed 24000K, reserved 1073152K
  class space    used 3303K, committed 3456K, reserved 1048576K
}
Event: 10.081 GC heap before
{Heap before GC invocations=7 (full 0):
 garbage-first heap   total 45056K, used 31280K [0x00000000c3600000, 0x0000000100000000)
  region size 1024K, 22 young (22528K), 4 survivors (4096K)
 Metaspace       used 26892K, committed 27392K, reserved 1073152K
  class space    used 3738K, committed 3968K, reserved 1048576K
}
Event: 10.094 GC heap after
{Heap after GC invocations=8 (full 0):
 garbage-first heap   total 45056K, used 14702K [0x00000000c3600000, 0x0000000100000000)
  region size 1024K, 3 young (3072K), 3 survivors (3072K)
 Metaspace       used 26892K, committed 27392K, reserved 1073152K
  class space    used 3738K, committed 3968K, reserved 1048576K
}
Event: 10.934 GC heap before
{Heap before GC invocations=8 (full 0):
 garbage-first heap   total 45056K, used 30062K [0x00000000c3600000, 0x0000000100000000)
  region size 1024K, 19 young (19456K), 3 survivors (3072K)
 Metaspace       used 31943K, committed 32448K, reserved 1081344K
  class space    used 4432K, committed 4672K, reserved 1048576K
}
Event: 10.941 GC heap after
{Heap after GC invocations=9 (full 0):
 garbage-first heap   total 45056K, used 16242K [0x00000000c3600000, 0x0000000100000000)
  region size 1024K, 2 young (2048K), 2 survivors (2048K)
 Metaspace       used 31943K, committed 32448K, reserved 1081344K
  class space    used 4432K, committed 4672K, reserved 1048576K
}
Event: 11.276 GC heap before
{Heap before GC invocations=9 (full 0):
 garbage-first heap   total 45056K, used 31602K [0x00000000c3600000, 0x0000000100000000)
  region size 1024K, 18 young (18432K), 2 survivors (2048K)
 Metaspace       used 34908K, committed 35392K, reserved 1081344K
  class space    used 4850K, committed 5056K, reserved 1048576K
}
Event: 11.285 GC heap after
{Heap after GC invocations=10 (full 0):
 garbage-first heap   total 45056K, used 18757K [0x00000000c3600000, 0x0000000100000000)
  region size 1024K, 3 young (3072K), 3 survivors (3072K)
 Metaspace       used 34908K, committed 35392K, reserved 1081344K
  class space    used 4850K, committed 5056K, reserved 1048576K
}
Event: 11.413 GC heap before
{Heap before GC invocations=10 (full 0):
 garbage-first heap   total 45056K, used 21829K [0x00000000c3600000, 0x0000000100000000)
  region size 1024K, 7 young (7168K), 3 survivors (3072K)
 Metaspace       used 35692K, committed 36160K, reserved 1081344K
  class space    used 4978K, committed 5184K, reserved 1048576K
}

Dll operation events (12 events):
Event: 0.094 Loaded shared library C:\Users\nm\AppData\Local\Programs\Eclipse Adoptium\jdk-17.0.6.10-hotspot\bin\java.dll
Event: 0.154 Loaded shared library C:\Users\nm\AppData\Local\Programs\Eclipse Adoptium\jdk-17.0.6.10-hotspot\bin\jsvml.dll
Event: 1.414 Loaded shared library C:\Users\nm\AppData\Local\Programs\Eclipse Adoptium\jdk-17.0.6.10-hotspot\bin\zip.dll
Event: 1.432 Loaded shared library C:\Users\nm\AppData\Local\Programs\Eclipse Adoptium\jdk-17.0.6.10-hotspot\bin\instrument.dll
Event: 1.478 Loaded shared library C:\Users\nm\AppData\Local\Programs\Eclipse Adoptium\jdk-17.0.6.10-hotspot\bin\net.dll
Event: 1.500 Loaded shared library C:\Users\nm\AppData\Local\Programs\Eclipse Adoptium\jdk-17.0.6.10-hotspot\bin\nio.dll
Event: 1.510 Loaded shared library C:\Users\nm\AppData\Local\Programs\Eclipse Adoptium\jdk-17.0.6.10-hotspot\bin\zip.dll
Event: 1.857 Loaded shared library C:\Program Files\JetBrains\IntelliJ IDEA 2022.3.3\bin\breakgen64.dll
Event: 1.909 Loaded shared library C:\Users\nm\AppData\Local\Programs\Eclipse Adoptium\jdk-17.0.6.10-hotspot\bin\jimage.dll
Event: 2.073 Loaded shared library C:\Users\nm\AppData\Local\Programs\Eclipse Adoptium\jdk-17.0.6.10-hotspot\bin\management.dll
Event: 2.129 Loaded shared library C:\Users\nm\AppData\Local\Programs\Eclipse Adoptium\jdk-17.0.6.10-hotspot\bin\management_ext.dll
Event: 9.464 Loaded shared library C:\Users\nm\AppData\Local\Programs\Eclipse Adoptium\jdk-17.0.6.10-hotspot\bin\sunmscapi.dll

Deoptimization events (4 events):
Event: 5.744 Thread 0x0000024653be32e0 DEOPT PACKING pc=0x000002464b527399 sp=0x00000069b80fcbb0
Event: 5.744 Thread 0x0000024653be32e0 DEOPT UNPACKING pc=0x000002464b047143 sp=0x00000069b80fc090 mode 3
Event: 10.903 Thread 0x0000024653be32e0 DEOPT PACKING pc=0x000002464b75bb2c sp=0x00000069b80fa0b0
Event: 10.903 Thread 0x0000024653be32e0 DEOPT UNPACKING pc=0x000002464b047143 sp=0x00000069b80f9608 mode 0

Classes unloaded (0 events):
No events

Classes redefined (0 events):
No events

Internal exceptions (20 events):
Event: 11.124 Thread 0x0000024655055040 Exception <a 'java/lang/reflect/InvocationTargetException'{0x00000000c58c7200}> (0x00000000c58c7200) 
thrown [s\src\hotspot\share\runtime\reflection.cpp, line 1121]
Event: 11.124 Thread 0x0000024655055eb0 Exception <a 'java/lang/reflect/InvocationTargetException'{0x00000000c5c292e8}> (0x00000000c5c292e8) 
thrown [s\src\hotspot\share\runtime\reflection.cpp, line 1121]
Event: 11.124 Thread 0x0000024655054b70 Exception <a 'java/lang/reflect/InvocationTargetException'{0x00000000c5c772e8}> (0x00000000c5c772e8) 
thrown [s\src\hotspot\share\runtime\reflection.cpp, line 1121]
Event: 11.124 Thread 0x0000024655058530 Exception <a 'java/lang/reflect/InvocationTargetException'{0x00000000c5c8fe58}> (0x00000000c5c8fe58) 
thrown [s\src\hotspot\share\runtime\reflection.cpp, line 1121]
Event: 11.210 Thread 0x0000024653be32e0 Exception <a 'java/lang/IncompatibleClassChangeError'{0x00000000c530b390}: Found class java.lang.Object, but interface was expected> (0x00000000c530b390) 
thrown [s\src\hotspot\share\interpreter\linkResolver.cpp, line 826]
Event: 11.307 Thread 0x0000024653be32e0 Exception <a 'java/lang/NoSuchMethodError'{0x00000000c73ae540}: 'int java.lang.invoke.DirectMethodHandle$Holder.invokeStatic(java.lang.Object, java.lang.Object, int)'> (0x00000000c73ae540) 
thrown [s\src\hotspot\share\interpreter\linkResolver.cpp, line 759]
Event: 11.310 Thread 0x0000024653be32e0 Exception <a 'java/lang/NoSuchMethodError'{0x00000000c73c8140}: 'java.lang.Object java.lang.invoke.DirectMethodHandle$Holder.invokeStatic(java.lang.Object, java.lang.Object, int, java.lang.Object)'> (0x00000000c73c8140) 
thrown [s\src\hotspot\share\interpreter\linkResolver.cpp, line 759]
Event: 11.311 Thread 0x0000024653be32e0 Exception <a 'java/lang/NoSuchMethodError'{0x00000000c73d0708}: 'java.lang.Object java.lang.invoke.DirectMethodHandle$Holder.newInvokeSpecial(java.lang.Object, java.lang.Object, int)'> (0x00000000c73d0708) 
thrown [s\src\hotspot\share\interpreter\linkResolver.cpp, line 759]
Event: 11.315 Thread 0x0000024653be32e0 Exception <a 'java/lang/NoSuchMethodError'{0x00000000c73f1790}: 'java.lang.Object java.lang.invoke.Invokers$Holder.invoke_MT(java.lang.Object, java.lang.Object, java.lang.Object, java.lang.Object, java.lang.Object, java.lang.Object, java.lang.Object, java.lang.Object, java.lang.Object)'> (0x00000000c73f1790) 
thrown [s\src\hotspot\share\interpreter\linkResolver.cpp, line 759]
Event: 11.320 Thread 0x0000024653be32e0 Exception <a 'java/lang/NoSuchMethodError'{0x00000000c6026378}: 'java.lang.Object java.lang.invoke.DirectMethodHandle$Holder.newInvokeSpecial(java.lang.Object, java.lang.Object, int, java.lang.Object)'> (0x00000000c6026378) 
thrown [s\src\hotspot\share\interpreter\linkResolver.cpp, line 759]
Event: 11.321 Thread 0x0000024653be32e0 Exception <a 'java/lang/NoSuchMethodError'{0x00000000c602a1e8}: 'java.lang.Object java.lang.invoke.Invokers$Holder.linkToTargetMethod(java.lang.Object, int, java.lang.Object, java.lang.Object)'> (0x00000000c602a1e8) 
thrown [s\src\hotspot\share\interpreter\linkResolver.cpp, line 759]
Event: 11.322 Thread 0x0000024653be32e0 Exception <a 'java/lang/IncompatibleClassChangeError'{0x00000000c60301b8}: Found class java.lang.Object, but interface was expected> (0x00000000c60301b8) 
thrown [s\src\hotspot\share\interpreter\linkResolver.cpp, line 826]
Event: 11.326 Thread 0x0000024655057b90 Exception <a 'java/lang/InterruptedException'{0x00000000c6065a68}: sleep interrupted> (0x00000000c6065a68) 
thrown [s\src\hotspot\share\prims\jvm.cpp, line 3070]
Event: 11.328 Thread 0x0000024653be32e0 Exception <a 'java/lang/NoSuchMethodError'{0x00000000c60516d0}: 'void java.lang.invoke.DirectMethodHandle$Holder.invokeInterface(java.lang.Object, java.lang.Object)'> (0x00000000c60516d0) 
thrown [s\src\hotspot\share\interpreter\linkResolver.cpp, line 759]
Event: 11.346 Thread 0x0000024655056850 Exception <a 'java/lang/InterruptedException'{0x00000000c60a20a0}: sleep interrupted> (0x00000000c60a20a0) 
thrown [s\src\hotspot\share\prims\jvm.cpp, line 3070]
Event: 11.357 Thread 0x00000246538ecbd0 Exception <a 'java/lang/reflect/InvocationTargetException'{0x00000000c5f0d0d8}> (0x00000000c5f0d0d8) 
thrown [s\src\hotspot\share\runtime\reflection.cpp, line 1121]
Event: 11.385 Thread 0x0000024653be32e0 Exception <a 'java/lang/NoClassDefFoundError'{0x00000000c5f923b0}: jakarta/validation/ValidationException> (0x00000000c5f923b0) 
thrown [s\src\hotspot\share\classfile\systemDictionary.cpp, line 245]
Event: 11.388 Thread 0x0000024653be32e0 Exception <a 'java/lang/NoClassDefFoundError'{0x00000000c5fb99c0}: liquibase/exception/ChangeLogParseException> (0x00000000c5fb99c0) 
thrown [s\src\hotspot\share\classfile\systemDictionary.cpp, line 245]
Event: 11.395 Thread 0x0000024653be32e0 Exception <a 'java/lang/NoClassDefFoundError'{0x00000000c5ff75d8}: org/springframework/jdbc/CannotGetJdbcConnectionException> (0x00000000c5ff75d8) 
thrown [s\src\hotspot\share\classfile\systemDictionary.cpp, line 245]
Event: 11.408 Thread 0x0000024655058530 Exception <a 'java/lang/InterruptedException'{0x00000000c5ea5e68}: sleep interrupted> (0x00000000c5ea5e68) 
thrown [s\src\hotspot\share\prims\jvm.cpp, line 3044]

VM Operations (20 events):
Event: 10.543 Executing VM operation: HandshakeAllThreads done
Event: 10.673 Executing VM operation: HandshakeAllThreads
Event: 10.674 Executing VM operation: HandshakeAllThreads done
Event: 10.698 Executing VM operation: HandshakeAllThreads
Event: 10.699 Executing VM operation: HandshakeAllThreads done
Event: 10.886 Executing VM operation: HandshakeAllThreads
Event: 10.886 Executing VM operation: HandshakeAllThreads done
Event: 10.902 Executing VM operation: HandshakeAllThreads
Event: 10.902 Executing VM operation: HandshakeAllThreads done
Event: 10.933 Executing VM operation: G1CollectForAllocation
Event: 10.941 Executing VM operation: G1CollectForAllocation done
Event: 11.045 Executing VM operation: HandshakeAllThreads
Event: 11.045 Executing VM operation: HandshakeAllThreads done
Event: 11.276 Executing VM operation: G1CollectForAllocation
Event: 11.285 Executing VM operation: G1CollectForAllocation done
Event: 11.330 Executing VM operation: HandshakeAllThreads
Event: 11.331 Executing VM operation: HandshakeAllThreads done
Event: 11.403 Executing VM operation: HandshakeAllThreads
Event: 11.403 Executing VM operation: HandshakeAllThreads done
Event: 11.413 Executing VM operation: CollectForMetadataAllocation

Events (20 events):
Event: 11.409 loading class sun/security/ssl/SSLPossession done
Event: 11.409 loading class sun/security/ssl/NamedGroupPossession done
Event: 11.409 loading class sun/security/ssl/SSLCredentials
Event: 11.409 loading class sun/security/ssl/SSLCredentials done
Event: 11.409 loading class sun/security/ssl/SSLKeyDerivation
Event: 11.409 loading class sun/security/ssl/SSLKeyDerivation done
Event: 11.410 loading class sun/security/ssl/SupportedGroupsExtension$SupportedGroups
Event: 11.410 loading class sun/security/ssl/SupportedGroupsExtension$SupportedGroups done
Event: 11.410 loading class sun/security/util/KeyUtil
Event: 11.411 loading class sun/security/util/KeyUtil done
Event: 11.411 loading class sun/security/ssl/HandshakeOutStream
Event: 11.411 loading class sun/security/ssl/HandshakeOutStream done
Event: 11.412 loading class sun/security/ssl/RandomCookie
Event: 11.412 loading class jdk/internal/loader/BootLoader$PackageHelper
Event: 11.412 loading class sun/security/ssl/RandomCookie done
Event: 11.412 loading class sun/security/ssl/ClientHello$ClientHelloMessage
Event: 11.412 loading class jdk/internal/loader/BootLoader$PackageHelper done
Event: 11.413 loading class sun/security/ssl/SSLHandshake$HandshakeMessage
Event: 11.413 loading class sun/security/ssl/SSLHandshake$HandshakeMessage done
Event: 11.413 loading class sun/security/ssl/ClientHello$ClientHelloMessage done


Dynamic libraries:
0x00007ff79d350000 - 0x00007ff79d35e000 	C:\Users\nm\AppData\Local\Programs\Eclipse Adoptium\jdk-17.0.6.10-hotspot\bin\java.exe
0x00007ffe63c50000 - 0x00007ffe63e48000 	C:\Windows\SYSTEM32\ntdll.dll
0x00007ffe62ea0000 - 0x00007ffe62f5f000 	C:\Windows\System32\KERNEL32.DLL
0x00007ffe61450000 - 0x00007ffe61746000 	C:\Windows\System32\KERNELBASE.dll
0x00007ffe61ac0000 - 0x00007ffe61bc0000 	C:\Windows\System32\ucrtbase.dll
0x00007ffe4eef0000 - 0x00007ffe4ef07000 	C:\Users\nm\AppData\Local\Programs\Eclipse Adoptium\jdk-17.0.6.10-hotspot\bin\jli.dll
0x00007ffe487b0000 - 0x00007ffe487c9000 	C:\Users\nm\AppData\Local\Programs\Eclipse Adoptium\jdk-17.0.6.10-hotspot\bin\VCRUNTIME140.dll
0x00007ffe624c0000 - 0x00007ffe6265d000 	C:\Windows\System32\USER32.dll
0x00007ffe61c30000 - 0x00007ffe61c52000 	C:\Windows\System32\win32u.dll
0x00007ffe622b0000 - 0x00007ffe622dc000 	C:\Windows\System32\GDI32.dll
0x00007ffe61330000 - 0x00007ffe61445000 	C:\Windows\System32\gdi32full.dll
0x00007ffe56990000 - 0x00007ffe56c2a000 	C:\Windows\WinSxS\amd64_microsoft.windows.common-controls_6595b64144ccf1df_6.0.19041.1110_none_60b5254171f9507e\COMCTL32.dll
0x00007ffe63200000 - 0x00007ffe6329e000 	C:\Windows\System32\msvcrt.dll
0x00007ffe61970000 - 0x00007ffe61a0d000 	C:\Windows\System32\msvcp_win.dll
0x00007ffe63b30000 - 0x00007ffe63b60000 	C:\Windows\System32\IMM32.DLL
0x00007ffe4f660000 - 0x00007ffe4f66c000 	C:\Users\nm\AppData\Local\Programs\Eclipse Adoptium\jdk-17.0.6.10-hotspot\bin\vcruntime140_1.dll
0x00007ffe390d0000 - 0x00007ffe39161000 	C:\Users\nm\AppData\Local\Programs\Eclipse Adoptium\jdk-17.0.6.10-hotspot\bin\msvcp140.dll
0x00007ffe06700000 - 0x00007ffe07347000 	C:\Users\nm\AppData\Local\Programs\Eclipse Adoptium\jdk-17.0.6.10-hotspot\bin\server\jvm.dll
0x00007ffe63b60000 - 0x00007ffe63c0f000 	C:\Windows\System32\ADVAPI32.dll
0x00007ffe62e00000 - 0x00007ffe62e9c000 	C:\Windows\System32\sechost.dll
0x00007ffe62cd0000 - 0x00007ffe62df6000 	C:\Windows\System32\RPCRT4.dll
0x00007ffe55b50000 - 0x00007ffe55b59000 	C:\Windows\SYSTEM32\WSOCK32.dll
0x00007ffe62f60000 - 0x00007ffe62fcb000 	C:\Windows\System32\WS2_32.dll
0x00007ffe4b7c0000 - 0x00007ffe4b7e7000 	C:\Windows\SYSTEM32\WINMM.dll
0x00007ffe56d60000 - 0x00007ffe56d6a000 	C:\Windows\SYSTEM32\VERSION.dll
0x00007ffe5fbb0000 - 0x00007ffe5fbc2000 	C:\Windows\SYSTEM32\kernel.appcore.dll
0x00007ffe4ec40000 - 0x00007ffe4ec4a000 	C:\Users\nm\AppData\Local\Programs\Eclipse Adoptium\jdk-17.0.6.10-hotspot\bin\jimage.dll
0x00007ffe5f860000 - 0x00007ffe5fa44000 	C:\Windows\SYSTEM32\DBGHELP.DLL
0x00007ffe5a240000 - 0x00007ffe5a274000 	C:\Windows\SYSTEM32\dbgcore.DLL
0x00007ffe618e0000 - 0x00007ffe61962000 	C:\Windows\System32\bcryptPrimitives.dll
0x00007ffe46ec0000 - 0x00007ffe46ece000 	C:\Users\nm\AppData\Local\Programs\Eclipse Adoptium\jdk-17.0.6.10-hotspot\bin\instrument.dll
0x00007ffe46900000 - 0x00007ffe46925000 	C:\Users\nm\AppData\Local\Programs\Eclipse Adoptium\jdk-17.0.6.10-hotspot\bin\java.dll
0x00007ffe34d10000 - 0x00007ffe34de6000 	C:\Users\nm\AppData\Local\Programs\Eclipse Adoptium\jdk-17.0.6.10-hotspot\bin\jsvml.dll
0x00007ffe632a0000 - 0x00007ffe639e4000 	C:\Windows\System32\SHELL32.dll
0x00007ffe5f000000 - 0x00007ffe5f793000 	C:\Windows\SYSTEM32\windows.storage.dll
0x00007ffe61da0000 - 0x00007ffe620f4000 	C:\Windows\System32\combase.dll
0x00007ffe60d00000 - 0x00007ffe60d2e000 	C:\Windows\SYSTEM32\Wldp.dll
0x00007ffe623a0000 - 0x00007ffe6244d000 	C:\Windows\System32\SHCORE.dll
0x00007ffe62450000 - 0x00007ffe624a5000 	C:\Windows\System32\shlwapi.dll
0x00007ffe61260000 - 0x00007ffe61285000 	C:\Windows\SYSTEM32\profapi.dll
0x00007ffe46350000 - 0x00007ffe46368000 	C:\Users\nm\AppData\Local\Programs\Eclipse Adoptium\jdk-17.0.6.10-hotspot\bin\zip.dll
0x00007ffe48540000 - 0x00007ffe48559000 	C:\Users\nm\AppData\Local\Programs\Eclipse Adoptium\jdk-17.0.6.10-hotspot\bin\net.dll
0x00007ffe57cc0000 - 0x00007ffe57dca000 	C:\Windows\SYSTEM32\WINHTTP.dll
0x00007ffe60a60000 - 0x00007ffe60aca000 	C:\Windows\system32\mswsock.dll
0x00007ffe47050000 - 0x00007ffe47065000 	C:\Users\nm\AppData\Local\Programs\Eclipse Adoptium\jdk-17.0.6.10-hotspot\bin\nio.dll
0x00007ffe465b0000 - 0x00007ffe465ca000 	C:\Program Files\JetBrains\IntelliJ IDEA 2022.3.3\bin\breakgen64.dll
0x00007ffe60790000 - 0x00007ffe6085a000 	C:\Windows\SYSTEM32\DNSAPI.dll
0x00007ffe60750000 - 0x00007ffe6078b000 	C:\Windows\SYSTEM32\IPHLPAPI.DLL
0x00007ffe63b20000 - 0x00007ffe63b28000 	C:\Windows\System32\NSI.dll
0x00007ffe57200000 - 0x00007ffe5720a000 	C:\Windows\System32\rasadhlp.dll
0x00007ffe57210000 - 0x00007ffe57292000 	C:\Windows\System32\fwpuclnt.dll
0x00007ffe618b0000 - 0x00007ffe618d7000 	C:\Windows\System32\bcrypt.dll
0x00007ffe46e90000 - 0x00007ffe46e99000 	C:\Users\nm\AppData\Local\Programs\Eclipse Adoptium\jdk-17.0.6.10-hotspot\bin\management.dll
0x00007ffe468a0000 - 0x00007ffe468ab000 	C:\Users\nm\AppData\Local\Programs\Eclipse Adoptium\jdk-17.0.6.10-hotspot\bin\management_ext.dll
0x00007ffe622e0000 - 0x00007ffe622e8000 	C:\Windows\System32\PSAPI.DLL
0x00007ffe60c50000 - 0x00007ffe60c68000 	C:\Windows\SYSTEM32\CRYPTSP.dll
0x00007ffe60370000 - 0x00007ffe603a4000 	C:\Windows\system32\rsaenh.dll
0x00007ffe611e0000 - 0x00007ffe6120e000 	C:\Windows\SYSTEM32\USERENV.dll
0x00007ffe60c70000 - 0x00007ffe60c7c000 	C:\Windows\SYSTEM32\CRYPTBASE.dll
0x00007ffe58cc0000 - 0x00007ffe58cd7000 	C:\Windows\SYSTEM32\dhcpcsvc6.DLL
0x00007ffe59480000 - 0x00007ffe5949d000 	C:\Windows\SYSTEM32\dhcpcsvc.DLL
0x00007ffe483f0000 - 0x00007ffe48407000 	C:\Windows\system32\napinsp.dll
0x00007ffe483d0000 - 0x00007ffe483eb000 	C:\Windows\system32\pnrpnsp.dll
0x00007ffe5ba70000 - 0x00007ffe5ba85000 	C:\Windows\system32\wshbth.dll
0x00007ffe5aa90000 - 0x00007ffe5aaad000 	C:\Windows\system32\NLAapi.dll
0x00007ffe483b0000 - 0x00007ffe483c2000 	C:\Windows\System32\winrnr.dll
0x00007ffe465a0000 - 0x00007ffe465ae000 	C:\Users\nm\AppData\Local\Programs\Eclipse Adoptium\jdk-17.0.6.10-hotspot\bin\sunmscapi.dll
0x00007ffe61750000 - 0x00007ffe618ae000 	C:\Windows\System32\CRYPT32.dll
0x00007ffe60d70000 - 0x00007ffe60d98000 	C:\Windows\SYSTEM32\ncrypt.dll
0x00007ffe60d30000 - 0x00007ffe60d6b000 	C:\Windows\SYSTEM32\NTASN1.dll

dbghelp: loaded successfully - version: 4.0.5 - missing functions: none
symbol engine: initialized successfully - sym options: 0x614 - pdb path: .;C:\Users\nm\AppData\Local\Programs\Eclipse Adoptium\jdk-17.0.6.10-hotspot\bin;C:\Windows\SYSTEM32;C:\Windows\WinSxS\amd64_microsoft.windows.common-controls_6595b64144ccf1df_6.0.19041.1110_none_60b5254171f9507e;C:\Users\nm\AppData\Local\Programs\Eclipse Adoptium\jdk-17.0.6.10-hotspot\bin\server;C:\Program Files\JetBrains\IntelliJ IDEA 2022.3.3\bin

VM Arguments:
jvm_args: -XX:TieredStopAtLevel=1 -Dspring.output.ansi.enabled=always -Dcom.sun.management.jmxremote -Dspring.jmx.enabled=true -Dspring.liveBeansView.mbeanDomain -Dspring.application.admin.enabled=true -Dmanagement.endpoints.jmx.exposure.include=* -javaagent:C:\Program Files\JetBrains\IntelliJ IDEA 2022.3.3\lib\idea_rt.jar=50942:C:\Program Files\JetBrains\IntelliJ IDEA 2022.3.3\bin -Dfile.encoding=UTF-8 
java_command: dev.dilandds.movies.MoviesApplication
java_class_path (initial): D:\Full Stact Movies\movies_spring_boot_api_endpoint\target\classes;C:\Users\nm\.m2\repository\org\springframework\boot\spring-boot-starter-data-mongodb\3.1.0\spring-boot-starter-data-mongodb-3.1.0.jar;C:\Users\nm\.m2\repository\org\springframework\boot\spring-boot-starter\3.1.0\spring-boot-starter-3.1.0.jar;C:\Users\nm\.m2\repository\org\springframework\boot\spring-boot-starter-logging\3.1.0\spring-boot-starter-logging-3.1.0.jar;C:\Users\nm\.m2\repository\ch\qos\logback\logback-classic\1.4.7\logback-classic-1.4.7.jar;C:\Users\nm\.m2\repository\ch\qos\logback\logback-core\1.4.7\logback-core-1.4.7.jar;C:\Users\nm\.m2\repository\org\apache\logging\log4j\log4j-to-slf4j\2.20.0\log4j-to-slf4j-2.20.0.jar;C:\Users\nm\.m2\repository\org\apache\logging\log4j\log4j-api\2.20.0\log4j-api-2.20.0.jar;C:\Users\nm\.m2\repository\org\slf4j\jul-to-slf4j\2.0.7\jul-to-slf4j-2.0.7.jar;C:\Users\nm\.m2\repository\jakarta\annotation\jakarta.annotation-api\2.1.1\jakarta.annotation-api-2.1.1.jar;C:\Users\nm\.m2\repository\org\yaml\snakeyaml\1.33\snakeyaml-1.33.jar;C:\Users\nm\.m2\repository\org\mongodb\mongodb-driver-sync\4.9.1\mongodb-driver-sync-4.9.1.jar;C:\Users\nm\.m2\repository\org\mongodb\bson\4.9.1\bson-4.9.1.jar;C:\Users\nm\.m2\repository\org\mongodb\mongodb-driver-core\4.9.1\mongodb-driver-core-4.9.1.jar;C:\Users\nm\.m2\repository\org\mongodb\bson-record-codec\4.9.1\bson-record-codec-4.9.1.jar;C:\Users\nm\.m2\repository\org\springframework\data\spring-data-mongodb\4.1.0\spring-data-mongodb-4.1.0.jar;C:\Users\nm\.m2\repository\org\springframework\spring-tx\6.0.9\spring-tx-6.0.9.jar;C:\Users\nm\.m2\repository\org\springframework\spring-context\6.0.9\spring-context-6.0.9.jar;C:\Users\nm\.m2\repository\org\springframework\spring-beans\6.0.9\spring-beans-6.0.9.jar;C:\Users\nm\.m2\repository\org\springframework\spring-expression\6.0.9\spring-expression-6.0.9.jar;C:\Users\nm\.m2\repository\org\springframework\data\spring-data-commons\3.1.0\spring-data-commons-
Launcher Type: SUN_STANDARD

[Global flags]
     intx CICompilerCount                          = 3                                         {product} {ergonomic}
     uint ConcGCThreads                            = 1                                         {product} {ergonomic}
     uint G1ConcRefinementThreads                  = 4                                         {product} {ergonomic}
   size_t G1HeapRegionSize                         = 1048576                                   {product} {ergonomic}
    uintx GCDrainStackTargetSize                   = 64                                        {product} {ergonomic}
   size_t InitialHeapSize                          = 65011712                                  {product} {ergonomic}
     bool ManagementServer                         = true                                      {product} {command line}
   size_t MarkStackSize                            = 4194304                                   {product} {ergonomic}
   size_t MaxHeapSize                              = 1017118720                                {product} {ergonomic}
   size_t MaxNewSize                               = 610271232                                 {product} {ergonomic}
   size_t MinHeapDeltaBytes                        = 1048576                                   {product} {ergonomic}
   size_t MinHeapSize                              = 8388608                                   {product} {ergonomic}
    uintx NonProfiledCodeHeapSize                  = 0                                      {pd product} {ergonomic}
     bool ProfileInterpreter                       = false                                  {pd product} {command line}
    uintx ProfiledCodeHeapSize                     = 0                                      {pd product} {ergonomic}
   size_t SoftMaxHeapSize                          = 1017118720                             {manageable} {ergonomic}
     intx TieredStopAtLevel                        = 1                                         {product} {command line}
     bool UseCompressedClassPointers               = true                           {product lp64_product} {ergonomic}
     bool UseCompressedOops                        = true                           {product lp64_product} {ergonomic}
     bool UseG1GC                                  = true                                      {product} {ergonomic}
     bool UseLargePagesIndividualAllocation        = false                                  {pd product} {ergonomic}

Logging:
Log output configuration:
 #0: stdout all=warning uptime,level,tags
 #1: stderr all=off uptime,level,tags

Environment Variables:
JAVA_HOME=C:\Users\nm\AppData\Local\Programs\Eclipse Adoptium\jdk-17.0.6.10-hotspot\
PATH=D:\MPI\MS_MPI\Bin\;C:\Python311\Scripts\;C:\Python311\;C:\Windows\system32;C:\Windows;C:\Windows\System32\Wbem;C:\Windows\System32\WindowsPowerShell\v1.0\;C:\Windows\System32\OpenSSH\;C:\Program Files\nodejs\;C:\ProgramData\chocolatey\bin;C:\Program Files\Git\cmd;C:\MinGW\bin;C:\Program Files\MySQL\MySQL Server 8.0\bin;D:\MPI\MS_MPI\Bin;C:\Program Files\dotnet\;C:\Program Files\MySQL\MySQL Shell 8.0\bin\;C:\Users\nm\AppData\Local\Programs\Eclipse Adoptium\jdk-17.0.6.10-hotspot\bin;C:\Users\nm\AppData\Local\Microsoft\WindowsApps;C:\Users\nm\AppData\Roaming\npm;C:\Program Files\JetBrains\IntelliJ IDEA 2022.3.3\bin;;C:\Users\nm\AppData\Local\Programs\Microsoft VS Code\bin;C:\msys64\ucrt64\bin;
USERNAME=nm
OS=Windows_NT
PROCESSOR_IDENTIFIER=Intel64 Family 6 Model 142 Stepping 9, GenuineIntel
TMP=C:\Users\nm\AppData\Local\Temp
TEMP=C:\Users\nm\AppData\Local\Temp



---------------  S Y S T E M  ---------------

OS:
 Windows 10 , 64 bit Build 19041 (10.0.19041.3155)
OS uptime: 11 days 16:40 hours

CPU: total 4 (initial active 4) (2 cores per cpu, 2 threads per core) family 6 model 142 stepping 9 microcode 0xb4, cx8, cmov, fxsr, ht, mmx, 3dnowpref, sse, sse2, sse3, ssse3, sse4.1, sse4.2, popcnt, lzcnt, tsc, tscinvbit, avx, avx2, aes, erms, clmul, bmi1, bmi2, adx, fma, vzeroupper, clflush, clflushopt

Memory: 4k page, system-wide physical 3879M (230M free)
TotalPageFile size 15655M (AvailPageFile size 1M)
current process WorkingSet (physical memory assigned to process): 130M, peak: 130M
current process commit charge ("private bytes"): 171M, peak: 180M

vm_info: OpenJDK 64-Bit Server VM (17.0.6+10) for windows-amd64 JRE (17.0.6+10), built on Jan 18 2023 10:08:59 by "temurin" with MS VC++ 16.7 (VS2019)

END.
